d:\homeworkii\homeworkii\x64\debug\vc145.pdb
d:\homeworkii\homeworkii\x64\debug\vc145.idb
d:\homeworkii\homeworkii\x64\debug\homeworkii.obj
d:\homeworkii\homeworkii\x64\debug\warrior.obj
d:\homeworkii\homeworkii\x64\debug\homeworkii.ilk
d:\homeworkii\homeworkii\x64\debug\filename1.obj
d:\homeworkii\x64\debug\homeworkii.pdb
d:\homeworkii\homeworkii\x64\debug\homeworkii.tlog\cl.command.1.tlog
d:\homeworkii\homeworkii\x64\debug\homeworkii.tlog\cl.items.tlog
d:\homeworkii\homeworkii\x64\debug\homeworkii.tlog\cl.read.1.tlog
d:\homeworkii\homeworkii\x64\debug\homeworkii.tlog\cl.write.1.tlog
d:\homeworkii\homeworkii\x64\debug\homeworkii.tlog\link.43324-cvtres.read.1.tlog
d:\homeworkii\homeworkii\x64\debug\homeworkii.tlog\link.43324-cvtres.write.1.tlog
d:\homeworkii\homeworkii\x64\debug\homeworkii.tlog\link.43324-rc.read.1.tlog
d:\homeworkii\homeworkii\x64\debug\homeworkii.tlog\link.43324-rc.write.1.tlog
d:\homeworkii\homeworkii\x64\debug\homeworkii.tlog\link.43324.read.1.tlog
d:\homeworkii\homeworkii\x64\debug\homeworkii.tlog\link.43324.read.2.tlog
d:\homeworkii\homeworkii\x64\debug\homeworkii.tlog\link.43324.read.3.tlog
d:\homeworkii\homeworkii\x64\debug\homeworkii.tlog\link.43324.read.4.tlog
d:\homeworkii\homeworkii\x64\debug\homeworkii.tlog\link.43324.write.1.tlog
d:\homeworkii\homeworkii\x64\debug\homeworkii.tlog\link.command.1.tlog
d:\homeworkii\homeworkii\x64\debug\homeworkii.tlog\link.read.1.tlog
d:\homeworkii\homeworkii\x64\debug\homeworkii.tlog\link.secondary.1.tlog
d:\homeworkii\homeworkii\x64\debug\homeworkii.tlog\link.write.1.tlog
